Build started 2019/12/18 11:45:59.
     1>Project "c:\Users\ADMIN\documents\visual studio 2010\Projects\regist\regist\regist.vcxproj" on node 2 (rebuild target(s)).
     1>_PrepareForClean:
         Deleting file "Release\regist.lastbuildstate".
       InitializeBuildStatus:
         Touching "Release\regist.unsuccessfulbuild".
       CustomBuild:
         Uic'ing regist.ui...
         Qt: Untested Windows version 6.2 detected!
         Moc'ing feedback.h...
         Qt: Untested Windows version 6.2 detected!
         Moc'ing enter.h...
         Qt: Untested Windows version 6.2 detected!
         Moc'ing Mydesign.h...
         Qt: Untested Windows version 6.2 detected!
         Rcc'ing regist.qrc...
         Qt: Untested Windows version 6.2 detected!
     1>RCC : warning : No resources in 'c:\Users\ADMIN\documents\visual studio 2010\Projects\regist\regist\regist.qrc'.
         
       ClCompile:
         C:\Program Files (x86)\Microsoft Visual Studio 10.0\VC\bin\CL.exe /c /I.\GeneratedFiles /I. /IC:\Qt\4.7.4\include /I.\GeneratedFiles\Release /IC:\Qt\4.7.4\include\QtCore /IC:\Qt\4.7.4\include\QtGui /nologo /W1 /WX- /O2 /Oy- /D UNICODE /D WIN32 /D QT_LARGEFILE_SUPPORT /D QT_DLL /D QT_NO_DEBUG /D NDEBUG /D QT_CORE_LIB /D QT_GUI_LIB /Gm- /EHsc /MD /GS /fp:precise /Zc:wchar_t- /Zc:forScope /Fo"Release\\" /Fd"Release\vc100.pdb" /Gd /TP /analyze- /errorReport:prompt enter.cpp feedback.cpp GeneratedFiles\Release\moc_enter.cpp GeneratedFiles\Release\moc_feedback.cpp GeneratedFiles\Release\moc_Mydesign.cpp main.cpp Mydesign.cpp
         enter.cpp
         feedback.cpp
         moc_enter.cpp
         moc_feedback.cpp
         moc_Mydesign.cpp
         main.cpp
         Mydesign.cpp
         Generating Code...
         C:\Program Files (x86)\Microsoft Visual Studio 10.0\VC\bin\CL.exe /c /I.\GeneratedFiles /I. /IC:\Qt\4.7.4\include /I.\GeneratedFiles\Release /IC:\Qt\4.7.4\include\QtCore /IC:\Qt\4.7.4\include\QtGui /nologo /W1 /WX- /O2 /Oy- /D UNICODE /D WIN32 /D QT_LARGEFILE_SUPPORT /D QT_DLL /D QT_NO_DEBUG /D NDEBUG /D QT_CORE_LIB /D QT_GUI_LIB /Gm- /EHsc /MD /GS /fp:precise /Zc:wchar_t- /Zc:forScope /Fo"Release\\" /Fd"Release\vc100.pdb" /Gd /TP /analyze- /errorReport:prompt GeneratedFiles\qrc_regist.cpp
         qrc_regist.cpp
       Link:
         C:\Program Files (x86)\Microsoft Visual Studio 10.0\VC\bin\link.exe /ERRORREPORT:PROMPT /OUT:"c:\users\admin\documents\visual studio 2010\Projects\regist\Win32\Release\\regist.exe" /NOLOGO /LIBPATH:C:\Qt\4.7.4\lib qtmain.lib QtCore4.lib QtGui4.lib kernel32.lib user32.lib gdi32.lib winspool.lib comdlg32.lib advapi32.lib shell32.lib ole32.lib oleaut32.lib uuid.lib odbc32.lib odbccp32.lib /MANIFEST /ManifestFile:"Release\regist.exe.intermediate.manifest" /MANIFESTUAC:"level='asInvoker' uiAccess='false'" /PDB:"c:\users\admin\documents\visual studio 2010\Projects\regist\Win32\Release\regist.pdb" /SUBSYSTEM:WINDOWS /TLBID:1 /DYNAMICBASE /NXCOMPAT /IMPLIB:"c:\users\admin\documents\visual studio 2010\Projects\regist\Win32\Release\regist.lib" /MACHINE:X86 Release\enter.obj
         Release\feedback.obj
         Release\qrc_regist.obj
         Release\moc_enter.obj
         Release\moc_feedback.obj
         Release\moc_Mydesign.obj
         Release\main.obj
         Release\Mydesign.obj
         regist.vcxproj -> c:\users\admin\documents\visual studio 2010\Projects\regist\Win32\Release\regist.exe
       Manifest:
         C:\Program Files (x86)\Microsoft SDKs\Windows\v7.0A\bin\mt.exe /nologo /verbose /outputresource:"c:\users\admin\documents\visual studio 2010\Projects\regist\Win32\Release\\regist.exe;#1" /manifest Release\regist.exe.intermediate.manifest
       FinalizeBuildStatus:
         Deleting file "Release\regist.unsuccessfulbuild".
         Touching "Release\regist.lastbuildstate".
     1>Done Building Project "c:\Users\ADMIN\documents\visual studio 2010\Projects\regist\regist\regist.vcxproj" (rebuild target(s)).

Build succeeded.

Time Elapsed 00:00:05.18
