C:\USERS\ADMIN\DOCUMENTS\VISUAL STUDIO 2010\PROJECTS\REGIST\REGIST\GENERATEDFILES\QRC_REGIST.CPP
C:\USERS\ADMIN\DOCUMENTS\VISUAL STUDIO 2010\PROJECTS\REGIST\REGIST\GENERATEDFILES\RELEASE\MOC_ENTER.CPP
C:\USERS\ADMIN\DOCUMENTS\VISUAL STUDIO 2010\PROJECTS\REGIST\REGIST\GENERATEDFILES\RELEASE\MOC_FEEDBACK.CPP
C:\USERS\ADMIN\DOCUMENTS\VISUAL STUDIO 2010\PROJECTS\REGIST\REGIST\GENERATEDFILES\RELEASE\MOC_LOGIN.CPP
C:\USERS\ADMIN\DOCUMENTS\VISUAL STUDIO 2010\PROJECTS\REGIST\REGIST\GENERATEDFILES\RELEASE\MOC_MYDESIGN.CPP
C:\USERS\ADMIN\DOCUMENTS\VISUAL STUDIO 2010\PROJECTS\REGIST\REGIST\GENERATEDFILES\UI_REGIST.H
C:\Users\ADMIN\documents\visual studio 2010\Projects\regist\regist\Release\cl.command.1.tlog
C:\Users\ADMIN\documents\visual studio 2010\Projects\regist\regist\Release\CL.read.1.tlog
C:\Users\ADMIN\documents\visual studio 2010\Projects\regist\regist\Release\CL.write.1.tlog
C:\Users\ADMIN\documents\visual studio 2010\Projects\regist\regist\Release\custombuild.command.1.tlog
C:\Users\ADMIN\documents\visual studio 2010\Projects\regist\regist\Release\custombuild.read.1.tlog
C:\Users\ADMIN\documents\visual studio 2010\Projects\regist\regist\Release\custombuild.write.1.tlog
C:\USERS\ADMIN\DOCUMENTS\VISUAL STUDIO 2010\PROJECTS\REGIST\REGIST\RELEASE\DATABASE.OBJ
C:\USERS\ADMIN\DOCUMENTS\VISUAL STUDIO 2010\PROJECTS\REGIST\REGIST\RELEASE\ENTER.OBJ
C:\USERS\ADMIN\DOCUMENTS\VISUAL STUDIO 2010\PROJECTS\REGIST\REGIST\RELEASE\FEEDBACK.OBJ
C:\Users\ADMIN\documents\visual studio 2010\Projects\regist\regist\Release\link.command.1.tlog
C:\Users\ADMIN\documents\visual studio 2010\Projects\regist\regist\Release\link.read.1.tlog
C:\Users\ADMIN\documents\visual studio 2010\Projects\regist\regist\Release\link.write.1.tlog
C:\USERS\ADMIN\DOCUMENTS\VISUAL STUDIO 2010\PROJECTS\REGIST\REGIST\RELEASE\LOGIN.OBJ
C:\USERS\ADMIN\DOCUMENTS\VISUAL STUDIO 2010\PROJECTS\REGIST\REGIST\RELEASE\MAIN.OBJ
C:\USERS\ADMIN\DOCUMENTS\VISUAL STUDIO 2010\PROJECTS\REGIST\REGIST\RELEASE\MOC_ENTER.OBJ
C:\USERS\ADMIN\DOCUMENTS\VISUAL STUDIO 2010\PROJECTS\REGIST\REGIST\RELEASE\MOC_FEEDBACK.OBJ
C:\USERS\ADMIN\DOCUMENTS\VISUAL STUDIO 2010\PROJECTS\REGIST\REGIST\RELEASE\MOC_LOGIN.OBJ
C:\USERS\ADMIN\DOCUMENTS\VISUAL STUDIO 2010\PROJECTS\REGIST\REGIST\RELEASE\MOC_MYDESIGN.OBJ
C:\Users\ADMIN\documents\visual studio 2010\Projects\regist\regist\Release\mt.command.1.tlog
C:\Users\ADMIN\documents\visual studio 2010\Projects\regist\regist\Release\mt.read.1.tlog
C:\Users\ADMIN\documents\visual studio 2010\Projects\regist\regist\Release\mt.read.2.tlog
C:\Users\ADMIN\documents\visual studio 2010\Projects\regist\regist\Release\mt.write.1.tlog
C:\USERS\ADMIN\DOCUMENTS\VISUAL STUDIO 2010\PROJECTS\REGIST\REGIST\RELEASE\MYDESIGN.OBJ
C:\USERS\ADMIN\DOCUMENTS\VISUAL STUDIO 2010\PROJECTS\REGIST\REGIST\RELEASE\QRC_REGIST.OBJ
C:\USERS\ADMIN\DOCUMENTS\VISUAL STUDIO 2010\PROJECTS\REGIST\REGIST\RELEASE\REGIST.EXE.INTERMEDIATE.MANIFEST
C:\Users\ADMIN\documents\visual studio 2010\Projects\regist\regist\Release\regist.write.1.tlog
C:\USERS\ADMIN\DOCUMENTS\VISUAL STUDIO 2010\PROJECTS\REGIST\WIN32\RELEASE\REGIST.EXE
