c:\Users\ADMIN\documents\visual studio 2010\Projects\regist\regist\Debug\cl.command.1.tlog
c:\Users\ADMIN\documents\visual studio 2010\Projects\regist\regist\Debug\CL.read.1.tlog
c:\Users\ADMIN\documents\visual studio 2010\Projects\regist\regist\Debug\CL.write.1.tlog
c:\Users\ADMIN\documents\visual studio 2010\Projects\regist\regist\Debug\custombuild.command.1.tlog
c:\Users\ADMIN\documents\visual studio 2010\Projects\regist\regist\Debug\custombuild.read.1.tlog
c:\Users\ADMIN\documents\visual studio 2010\Projects\regist\regist\Debug\custombuild.write.1.tlog
c:\Users\ADMIN\documents\visual studio 2010\Projects\regist\regist\Debug\link.command.1.tlog
c:\Users\ADMIN\documents\visual studio 2010\Projects\regist\regist\Debug\link.read.1.tlog
c:\Users\ADMIN\documents\visual studio 2010\Projects\regist\regist\Debug\link.write.1.tlog
C:\USERS\ADMIN\DOCUMENTS\VISUAL STUDIO 2010\PROJECTS\REGIST\REGIST\DEBUG\MAIN.OBJ
C:\USERS\ADMIN\DOCUMENTS\VISUAL STUDIO 2010\PROJECTS\REGIST\REGIST\DEBUG\MOC_MYDESIGN.OBJ
c:\Users\ADMIN\documents\visual studio 2010\Projects\regist\regist\Debug\mt.command.1.tlog
c:\Users\ADMIN\documents\visual studio 2010\Projects\regist\regist\Debug\mt.read.1.tlog
c:\Users\ADMIN\documents\visual studio 2010\Projects\regist\regist\Debug\mt.write.1.tlog
C:\USERS\ADMIN\DOCUMENTS\VISUAL STUDIO 2010\PROJECTS\REGIST\REGIST\DEBUG\MYDESIGN.OBJ
C:\USERS\ADMIN\DOCUMENTS\VISUAL STUDIO 2010\PROJECTS\REGIST\REGIST\DEBUG\QRC_REGIST.OBJ
C:\USERS\ADMIN\DOCUMENTS\VISUAL STUDIO 2010\PROJECTS\REGIST\REGIST\DEBUG\REGIST.EXE.INTERMEDIATE.MANIFEST
c:\Users\ADMIN\documents\visual studio 2010\Projects\regist\regist\Debug\regist.write.1.tlog
C:\USERS\ADMIN\DOCUMENTS\VISUAL STUDIO 2010\PROJECTS\REGIST\REGIST\DEBUG\VC100.PDB
C:\USERS\ADMIN\DOCUMENTS\VISUAL STUDIO 2010\PROJECTS\REGIST\REGIST\GENERATEDFILES\DEBUG\MOC_MYDESIGN.CPP
C:\USERS\ADMIN\DOCUMENTS\VISUAL STUDIO 2010\PROJECTS\REGIST\REGIST\GENERATEDFILES\QRC_REGIST.CPP
C:\USERS\ADMIN\DOCUMENTS\VISUAL STUDIO 2010\PROJECTS\REGIST\REGIST\GENERATEDFILES\UI_REGIST.H
C:\USERS\ADMIN\DOCUMENTS\VISUAL STUDIO 2010\PROJECTS\REGIST\WIN32\DEBUG\REGIST.EXE
C:\USERS\ADMIN\DOCUMENTS\VISUAL STUDIO 2010\PROJECTS\REGIST\WIN32\DEBUG\REGIST.ILK
C:\USERS\ADMIN\DOCUMENTS\VISUAL STUDIO 2010\PROJECTS\REGIST\WIN32\DEBUG\REGIST.PDB
